#
# There is insufficient memory for the Java Runtime Environment to continue.
# Native memory allocation (malloc) failed to allocate 2716048 bytes for Chunk::new
# Possible reasons:
#   The system is out of physical RAM or swap space
#   The process is running with CompressedOops enabled, and the Java Heap may be blocking the growth of the native heap
# Possible solutions:
#   Reduce memory load on the system
#   Increase physical memory or swap space
#   Check if swap backing store is full
#   Decrease Java heap size (-Xmx/-Xms)
#   Decrease number of Java threads
#   Decrease Java thread stack sizes (-Xss)
#   Set larger code cache with -XX:ReservedCodeCacheSize=
#   JVM is running with Unscaled Compressed Oops mode in which the Java heap is
#     placed in the first 4GB address space. The Java Heap base address is the
#     maximum limit for the native heap growth. Please use -XX:HeapBaseMinAddress
#     to set the Java Heap base and to place the Java Heap above 4GB virtual address.
# This output file may be truncated or incomplete.
#
#  Out of Memory Error (arena.cpp:191), pid=34736, tid=24208
#
# JRE version: OpenJDK Runtime Environment Temurin-17.0.9+9 (17.0.9+9) (build 17.0.9+9)
# Java VM: OpenJDK 64-Bit Server VM Temurin-17.0.9+9 (17.0.9+9, mixed mode, tiered, compressed oops, compressed class ptrs, parallel gc, windows-amd64)
# No core dump will be written. Minidumps are not enabled by default on client versions of Windows
#

---------------  S U M M A R Y ------------

Command Line: --add-modules=ALL-SYSTEM --add-opens=java.base/java.util=ALL-UNNAMED --add-opens=java.base/java.lang=ALL-UNNAMED --add-opens=java.base/sun.nio.fs=ALL-UNNAMED -Declipse.application=org.eclipse.jdt.ls.core.id1 -Dosgi.bundles.defaultStartLevel=4 -Declipse.product=org.eclipse.jdt.ls.core.product -Djava.import.generatesMetadataFilesAtProjectRoot=false -DDetectVMInstallationsJob.disabled=true -Dfile.encoding=utf8 -XX:+UseParallelGC -XX:GCTimeRatio=4 -XX:AdaptiveSizePolicyWeight=90 -Dsun.zip.disableMemoryMapping=true -Xmx1G -Xms100m -Xlog:disable -javaagent:c:\Users\Shishir\.vscode\extensions\redhat.java-1.25.1-win32-x64\lombok\lombok-1.18.30.jar c:\Users\Shishir\.vscode\extensions\redhat.java-1.25.1-win32-x64\server\plugins\org.eclipse.equinox.launcher_1.6.600.v20231106-1826.jar -configuration c:\Users\Shishir\AppData\Roaming\Code\User\globalStorage\redhat.java\1.25.1\config_ss_win -data c:\Users\Shishir\AppData\Roaming\Code\User\workspaceStorage\36aeb5243c3234973269cc7299b45e24\redhat.java\ss_ws --stdio

Host: AMD Ryzen 5 5600H with Radeon Graphics         , 12 cores, 7G,  Windows 11 , 64 bit Build 22621 (10.0.22621.2506)
Time: Sat Dec 30 11:38:47 2023 India Standard Time elapsed time: 2.090853 seconds (0d 0h 0m 2s)

---------------  T H R E A D  ---------------

Current thread (0x0000019f7edb6170):  JavaThread "C2 CompilerThread1" daemon [_thread_in_native, id=24208, stack(0x00000047e6700000,0x00000047e6800000)]


Current CompileTask:
C2:   2090 2748       4       org.lombokweb.asm.ClassReader::readMethod (1066 bytes)

Stack: [0x00000047e6700000,0x00000047e6800000]
Native frames: (J=compiled Java code, j=interpreted, Vv=VM code, C=native code)
V  [jvm.dll+0x67cf49]
V  [jvm.dll+0x83478a]
V  [jvm.dll+0x83624e]
V  [jvm.dll+0x8368b3]
V  [jvm.dll+0x247f1f]
V  [jvm.dll+0xac43c]
V  [jvm.dll+0xaca8c]
V  [jvm.dll+0x367067]
V  [jvm.dll+0x1bd722]
V  [jvm.dll+0x21a709]
V  [jvm.dll+0x2199d1]
V  [jvm.dll+0x1a57cd]
V  [jvm.dll+0x2297ae]
V  [jvm.dll+0x22797c]
V  [jvm.dll+0x7e9877]
V  [jvm.dll+0x7e3c3a]
V  [jvm.dll+0x67be35]
C  [ucrtbase.dll+0x29363]
C  [KERNEL32.DLL+0x1257d]
C  [ntdll.dll+0x5aa58]


---------------  P R O C E S S  ---------------

Threads class SMR info:
_java_thread_list=0x0000019f14997180, length=35, elements={
0x0000019f78a98690, 0x0000019f7d9272f0, 0x0000019f7d92a5e0, 0x0000019f7ebd82e0,
0x0000019f7ebf6150, 0x0000019f7ebf85d0, 0x0000019f7ebfbec0, 0x0000019f7ec0a180,
0x0000019f7ec0afe0, 0x0000019f7ec13d80, 0x0000019f7ed20d60, 0x0000019f7edb6170,
0x0000019f7eef3900, 0x0000019f13c99480, 0x0000019f13c99960, 0x0000019f13c99e40,
0x0000019f13c9a680, 0x0000019f13d15030, 0x0000019f13a0d2a0, 0x0000019f13e75270,
0x0000019f13e77af0, 0x0000019f13e761a0, 0x0000019f13e766b0, 0x0000019f13e75780,
0x0000019f13e78000, 0x0000019f13e75c90, 0x0000019f13e775e0, 0x0000019f13e76bc0,
0x0000019f13e770d0, 0x0000019f13e78510, 0x0000019f13e74d60, 0x0000019f15c49980,
0x0000019f15c4e060, 0x0000019f15c46bf0, 0x0000019f15c4db50
}

Java Threads: ( => current thread )
  0x0000019f78a98690 JavaThread "main" [_thread_blocked, id=38856, stack(0x00000047e5a00000,0x00000047e5b00000)]
  0x0000019f7d9272f0 JavaThread "Reference Handler" daemon [_thread_blocked, id=37352, stack(0x00000047e5d00000,0x00000047e5e00000)]
  0x0000019f7d92a5e0 JavaThread "Finalizer" daemon [_thread_blocked, id=37116, stack(0x00000047e5e00000,0x00000047e5f00000)]
  0x0000019f7ebd82e0 JavaThread "Signal Dispatcher" daemon [_thread_blocked, id=8772, stack(0x00000047e5f00000,0x00000047e6000000)]
  0x0000019f7ebf6150 JavaThread "Attach Listener" daemon [_thread_blocked, id=13672, stack(0x00000047e6000000,0x00000047e6100000)]
  0x0000019f7ebf85d0 JavaThread "Service Thread" daemon [_thread_blocked, id=16320, stack(0x00000047e6100000,0x00000047e6200000)]
  0x0000019f7ebfbec0 JavaThread "Monitor Deflation Thread" daemon [_thread_blocked, id=3088, stack(0x00000047e6200000,0x00000047e6300000)]
  0x0000019f7ec0a180 JavaThread "C2 CompilerThread0" daemon [_thread_blocked, id=1960, stack(0x00000047e6300000,0x00000047e6400000)]
  0x0000019f7ec0afe0 JavaThread "C1 CompilerThread0" daemon [_thread_blocked, id=9752, stack(0x00000047e6400000,0x00000047e6500000)]
  0x0000019f7ec13d80 JavaThread "Sweeper thread" daemon [_thread_blocked, id=32308, stack(0x00000047e6500000,0x00000047e6600000)]
  0x0000019f7ed20d60 JavaThread "Common-Cleaner" daemon [_thread_blocked, id=6260, stack(0x00000047e6600000,0x00000047e6700000)]
=>0x0000019f7edb6170 JavaThread "C2 CompilerThread1" daemon [_thread_in_native, id=24208, stack(0x00000047e6700000,0x00000047e6800000)]
  0x0000019f7eef3900 JavaThread "Notification Thread" daemon [_thread_blocked, id=3168, stack(0x00000047e6800000,0x00000047e6900000)]
  0x0000019f13c99480 JavaThread "Equinox resolver thread - Equinox Container: 7c28d305-b6e9-4986-80c7-45ff9c38f69e" daemon [_thread_blocked, id=9376, stack(0x00000047e7000000,0x00000047e7100000)]
  0x0000019f13c99960 JavaThread "Equinox resolver thread - Equinox Container: 7c28d305-b6e9-4986-80c7-45ff9c38f69e" daemon [_thread_blocked, id=25656, stack(0x00000047e7100000,0x00000047e7200000)]
  0x0000019f13c99e40 JavaThread "Equinox resolver thread - Equinox Container: 7c28d305-b6e9-4986-80c7-45ff9c38f69e" daemon [_thread_blocked, id=13920, stack(0x00000047e7200000,0x00000047e7300000)]
  0x0000019f13c9a680 JavaThread "Equinox resolver thread - Equinox Container: 7c28d305-b6e9-4986-80c7-45ff9c38f69e" daemon [_thread_blocked, id=36680, stack(0x00000047e7300000,0x00000047e7400000)]
  0x0000019f13d15030 JavaThread "Equinox resolver thread - Equinox Container: 7c28d305-b6e9-4986-80c7-45ff9c38f69e" daemon [_thread_blocked, id=16248, stack(0x00000047e7400000,0x00000047e7500000)]
  0x0000019f13a0d2a0 JavaThread "Equinox resolver thread - Equinox Container: 7c28d305-b6e9-4986-80c7-45ff9c38f69e" daemon [_thread_blocked, id=20900, stack(0x00000047e7500000,0x00000047e7600000)]
  0x0000019f13e75270 JavaThread "Active Thread: Equinox Container: 7c28d305-b6e9-4986-80c7-45ff9c38f69e" [_thread_blocked, id=27900, stack(0x00000047e7600000,0x00000047e7700000)]
  0x0000019f13e77af0 JavaThread "Framework Event Dispatcher: Equinox Container: 7c28d305-b6e9-4986-80c7-45ff9c38f69e" daemon [_thread_blocked, id=34388, stack(0x00000047e7700000,0x00000047e7800000)]
  0x0000019f13e761a0 JavaThread "Start Level: Equinox Container: 7c28d305-b6e9-4986-80c7-45ff9c38f69e" daemon [_thread_blocked, id=2428, stack(0x00000047e7800000,0x00000047e7900000)]
  0x0000019f13e766b0 JavaThread "Refresh Thread: Equinox Container: 7c28d305-b6e9-4986-80c7-45ff9c38f69e" daemon [_thread_blocked, id=34836, stack(0x00000047e7a00000,0x00000047e7b00000)]
  0x0000019f13e75780 JavaThread "Equinox resolver thread - Equinox Container: 7c28d305-b6e9-4986-80c7-45ff9c38f69e" daemon [_thread_blocked, id=29680, stack(0x00000047e7b00000,0x00000047e7c00000)]
  0x0000019f13e78000 JavaThread "Equinox resolver thread - Equinox Container: 7c28d305-b6e9-4986-80c7-45ff9c38f69e" daemon [_thread_blocked, id=6292, stack(0x00000047e7c00000,0x00000047e7d00000)]
  0x0000019f13e75c90 JavaThread "Equinox resolver thread - Equinox Container: 7c28d305-b6e9-4986-80c7-45ff9c38f69e" daemon [_thread_blocked, id=24640, stack(0x00000047e7d00000,0x00000047e7e00000)]
  0x0000019f13e775e0 JavaThread "Equinox resolver thread - Equinox Container: 7c28d305-b6e9-4986-80c7-45ff9c38f69e" daemon [_thread_blocked, id=36060, stack(0x00000047e7e00000,0x00000047e7f00000)]
  0x0000019f13e76bc0 JavaThread "Equinox resolver thread - Equinox Container: 7c28d305-b6e9-4986-80c7-45ff9c38f69e" daemon [_thread_blocked, id=7088, stack(0x00000047e7f00000,0x00000047e8000000)]
  0x0000019f13e770d0 JavaThread "Equinox resolver thread - Equinox Container: 7c28d305-b6e9-4986-80c7-45ff9c38f69e" daemon [_thread_blocked, id=24592, stack(0x00000047e8000000,0x00000047e8100000)]
  0x0000019f13e78510 JavaThread "SCR Component Actor" daemon [_thread_blocked, id=38252, stack(0x00000047e8100000,0x00000047e8200000)]
  0x0000019f13e74d60 JavaThread "SCR Component Registry" daemon [_thread_blocked, id=37224, stack(0x00000047e8300000,0x00000047e8400000)]
  0x0000019f15c49980 JavaThread "Worker-JM" [_thread_blocked, id=25084, stack(0x00000047e8400000,0x00000047e8500000)]
  0x0000019f15c4e060 JavaThread "Worker-0" [_thread_blocked, id=27620, stack(0x00000047e8600000,0x00000047e8700000)]
  0x0000019f15c46bf0 JavaThread "Worker-1" [_thread_blocked, id=3248, stack(0x00000047e8700000,0x00000047e8800000)]
  0x0000019f15c4db50 JavaThread "Java indexing" daemon [_thread_blocked, id=3372, stack(0x00000047e8800000,0x00000047e8900000)]

Other Threads:
  0x0000019f78b4e3e0 VMThread "VM Thread" [stack: 0x00000047e5c00000,0x00000047e5d00000] [id=12188]
  0x0000019f7eef3de0 WatcherThread [stack: 0x00000047e6900000,0x00000047e6a00000] [id=33092]
  0x0000019f78aaea80 GCTaskThread "GC Thread#0" [stack: 0x00000047e5b00000,0x00000047e5c00000] [id=24280]
  0x0000019f13d91010 GCTaskThread "GC Thread#1" [stack: 0x00000047e6a00000,0x00000047e6b00000] [id=3024]
  0x0000019f13d914e0 GCTaskThread "GC Thread#2" [stack: 0x00000047e6b00000,0x00000047e6c00000] [id=33300]
  0x0000019f13df5020 GCTaskThread "GC Thread#3" [stack: 0x00000047e6c00000,0x00000047e6d00000] [id=33012]
  0x0000019f13df52e0 GCTaskThread "GC Thread#4" [stack: 0x00000047e6d00000,0x00000047e6e00000] [id=19340]
  0x0000019f13df55a0 GCTaskThread "GC Thread#5" [stack: 0x00000047e6e00000,0x00000047e6f00000] [id=31868]
  0x0000019f13df5860 GCTaskThread "GC Thread#6" [stack: 0x00000047e6f00000,0x00000047e7000000] [id=31596]
  0x0000019f135de7f0 GCTaskThread "GC Thread#7" [stack: 0x00000047e7900000,0x00000047e7a00000] [id=27388]
  0x0000019f13e04bd0 GCTaskThread "GC Thread#8" [stack: 0x00000047e8200000,0x00000047e8300000] [id=31104]
  0x0000019f15a10b30 GCTaskThread "GC Thread#9" [stack: 0x00000047e8500000,0x00000047e8600000] [id=23300]

Threads with active compile tasks:
C2 CompilerThread1     2102 2748       4       org.lombokweb.asm.ClassReader::readMethod (1066 bytes)

VM state: not at safepoint (normal execution)

VM Mutex/Monitor currently owned by a thread: None

Heap address: 0x00000000c0000000, size: 1024 MB, Compressed Oops mode: 32-bit

CDS archive(s) not mapped
Compressed class space mapped at: 0x0000000100000000-0x0000000140000000, reserved size: 1073741824
Narrow klass base: 0x0000000000000000, Narrow klass shift: 3, Narrow klass range: 0x140000000

GC Precious Log:
 CPUs: 12 total, 12 available
 Memory: 7521M
 Large Page Support: Disabled
 NUMA Support: Disabled
 Compressed Oops: Enabled (32-bit)
 Alignments: Space 512K, Generation 512K, Heap 2M
 Heap Min Capacity: 100M
 Heap Initial Capacity: 100M
 Heap Max Capacity: 1G
 Pre-touch: Disabled
 Parallel Workers: 10

Heap:
 PSYoungGen      total 25600K, used 25328K [0x00000000eab00000, 0x00000000ec880000, 0x0000000100000000)
  eden space 25088K, 99% used [0x00000000eab00000,0x00000000ec356d18,0x00000000ec380000)
  from space 512K, 79% used [0x00000000ec800000,0x00000000ec8654c0,0x00000000ec880000)
  to   space 2048K, 0% used [0x00000000ec480000,0x00000000ec480000,0x00000000ec680000)
 ParOldGen       total 68608K, used 8497K [0x00000000c0000000, 0x00000000c4300000, 0x00000000eab00000)
  object space 68608K, 12% used [0x00000000c0000000,0x00000000c084c540,0x00000000c4300000)
 Metaspace       used 27293K, committed 27712K, reserved 1114112K
  class space    used 2621K, committed 2816K, reserved 1048576K

Card table byte_map: [0x0000019f78430000,0x0000019f78640000] _byte_map_base: 0x0000019f77e30000

Marking Bits: (ParMarkBitMap*) 0x00007ffa65c1d0b0
 Begin Bits: [0x0000019f7b730000, 0x0000019f7c730000)
 End Bits:   [0x0000019f7c730000, 0x0000019f7d730000)

Polling page: 0x0000019f76a30000

Metaspace:

Usage:
  Non-class:     24.09 MB used.
      Class:      2.56 MB used.
       Both:     26.65 MB used.

Virtual space:
  Non-class space:       64.00 MB reserved,      24.31 MB ( 38%) committed,  1 nodes.
      Class space:        1.00 GB reserved,       2.75 MB ( <1%) committed,  1 nodes.
             Both:        1.06 GB reserved,      27.06 MB (  2%) committed. 

Chunk freelists:
   Non-Class:  7.17 MB
       Class:  13.26 MB
        Both:  20.43 MB

MaxMetaspaceSize: unlimited
CompressedClassSpaceSize: 1.00 GB
Initial GC threshold: 21.00 MB
Current GC threshold: 35.00 MB
CDS: off
MetaspaceReclaimPolicy: balanced
 - commit_granule_bytes: 65536.
 - commit_granule_words: 8192.
 - virtual_space_node_default_size: 8388608.
 - enlarge_chunks_in_place: 1.
 - new_chunks_are_fully_committed: 0.
 - uncommit_free_chunks: 1.
 - use_allocation_guard: 0.
 - handle_deallocations: 1.


Internal statistics:

num_allocs_failed_limit: 3.
num_arena_births: 262.
num_arena_deaths: 14.
num_vsnodes_births: 2.
num_vsnodes_deaths: 0.
num_space_committed: 433.
num_space_uncommitted: 0.
num_chunks_returned_to_freelist: 17.
num_chunks_taken_from_freelist: 990.
num_chunk_merges: 9.
num_chunk_splits: 668.
num_chunks_enlarged: 481.
num_inconsistent_stats: 0.

CodeHeap 'non-profiled nmethods': size=120000Kb used=1190Kb max_used=1190Kb free=118809Kb
 bounds [0x0000019f07ad0000, 0x0000019f07d40000, 0x0000019f0f000000]
CodeHeap 'profiled nmethods': size=120000Kb used=5941Kb max_used=5941Kb free=114058Kb
 bounds [0x0000019f00000000, 0x0000019f005d0000, 0x0000019f07530000]
CodeHeap 'non-nmethods': size=5760Kb used=1229Kb max_used=1257Kb free=4530Kb
 bounds [0x0000019f07530000, 0x0000019f077a0000, 0x0000019f07ad0000]
 total_blobs=3355 nmethods=2818 adapters=451
 compilation: enabled
              stopped_count=0, restarted_count=0
 full_count=0

Compilation events (20 events):
Event: 1.845 Thread 0x0000019f7ec0afe0 nmethod 2816 0x0000019f07befe10 code [0x0000019f07beffa0, 0x0000019f07bf0078]
Event: 1.851 Thread 0x0000019f7ec0afe0 2817       3       java.util.TreeMap::leftOf (13 bytes)
Event: 1.851 Thread 0x0000019f7ec0afe0 nmethod 2817 0x0000019f005cc890 code [0x0000019f005cca20, 0x0000019f005ccb98]
Event: 1.851 Thread 0x0000019f7ec0afe0 2819       3       java.lang.Character::toUpperCase (9 bytes)
Event: 1.851 Thread 0x0000019f7ec0afe0 nmethod 2819 0x0000019f005ccc90 code [0x0000019f005cce40, 0x0000019f005cd038]
Event: 1.851 Thread 0x0000019f7ec0afe0 2818       3       java.lang.Character::toUpperCase (6 bytes)
Event: 1.852 Thread 0x0000019f7ec0afe0 nmethod 2818 0x0000019f005cd110 code [0x0000019f005cd2c0, 0x0000019f005cd518]
Event: 1.881 Thread 0x0000019f7ec0a180 nmethod 2754 0x0000019f07bf0110 code [0x0000019f07bf07a0, 0x0000019f07bf3cc8]
Event: 1.881 Thread 0x0000019f7ec0a180 2791       4       java.util.Properties$LineReader::readLine (584 bytes)
Event: 1.896 Thread 0x0000019f7ec0a180 nmethod 2791 0x0000019f07bf6510 code [0x0000019f07bf6700, 0x0000019f07bf7978]
Event: 1.896 Thread 0x0000019f7ec0a180 2756       4       org.lombokweb.asm.MethodWriter::canCopyMethodAttributes (163 bytes)
Event: 1.898 Thread 0x0000019f7ec0a180 nmethod 2756 0x0000019f07bf8390 code [0x0000019f07bf8520, 0x0000019f07bf8898]
Event: 1.898 Thread 0x0000019f7ec0a180 2757       4       org.lombokweb.asm.MethodVisitor::<init> (94 bytes)
Event: 1.899 Thread 0x0000019f7ec0a180 nmethod 2757 0x0000019f07bf8c10 code [0x0000019f07bf8d80, 0x0000019f07bf8e38]
Event: 1.899 Thread 0x0000019f7ec0a180 2755       4       lombok.patcher.MethodTarget::matches (29 bytes)
Event: 1.900 Thread 0x0000019f7ec0a180 nmethod 2755 0x0000019f07bf8f10 code [0x0000019f07bf90a0, 0x0000019f07bf92d8]
Event: 1.945 Thread 0x0000019f7ec0afe0 2820       1       org.eclipse.core.internal.jobs.InternalJob::previous (5 bytes)
Event: 1.945 Thread 0x0000019f7ec0afe0 nmethod 2820 0x0000019f07bf9490 code [0x0000019f07bf9620, 0x0000019f07bf96f8]
Event: 1.946 Thread 0x0000019f7ec0afe0 2821       1       java.util.concurrent.atomic.AtomicReference::set (6 bytes)
Event: 1.946 Thread 0x0000019f7ec0afe0 nmethod 2821 0x0000019f07bf9790 code [0x0000019f07bf9920, 0x0000019f07bf99f8]

GC Heap History (14 events):
Event: 0.573 GC heap before
{Heap before GC invocations=1 (full 0):
 PSYoungGen      total 29696K, used 25600K [0x00000000eab00000, 0x00000000ecc00000, 0x0000000100000000)
  eden space 25600K, 100% used [0x00000000eab00000,0x00000000ec400000,0x00000000ec400000)
  from space 4096K, 0% used [0x00000000ec800000,0x00000000ec800000,0x00000000ecc00000)
  to   space 4096K, 0% used [0x00000000ec400000,0x00000000ec400000,0x00000000ec800000)
 ParOldGen       total 68608K, used 0K [0x00000000c0000000, 0x00000000c4300000, 0x00000000eab00000)
  object space 68608K, 0% used [0x00000000c0000000,0x00000000c0000000,0x00000000c4300000)
 Metaspace       used 11024K, committed 11200K, reserved 1114112K
  class space    used 1099K, committed 1216K, reserved 1048576K
}
Event: 0.580 GC heap after
{Heap after GC invocations=1 (full 0):
 PSYoungGen      total 29696K, used 3155K [0x00000000eab00000, 0x00000000ecc00000, 0x0000000100000000)
  eden space 25600K, 0% used [0x00000000eab00000,0x00000000eab00000,0x00000000ec400000)
  from space 4096K, 77% used [0x00000000ec400000,0x00000000ec714c38,0x00000000ec800000)
  to   space 4096K, 0% used [0x00000000ec800000,0x00000000ec800000,0x00000000ecc00000)
 ParOldGen       total 68608K, used 16K [0x00000000c0000000, 0x00000000c4300000, 0x00000000eab00000)
  object space 68608K, 0% used [0x00000000c0000000,0x00000000c0004000,0x00000000c4300000)
 Metaspace       used 11024K, committed 11200K, reserved 1114112K
  class space    used 1099K, committed 1216K, reserved 1048576K
}
Event: 0.901 GC heap before
{Heap before GC invocations=2 (full 0):
 PSYoungGen      total 29696K, used 28755K [0x00000000eab00000, 0x00000000ecc00000, 0x0000000100000000)
  eden space 25600K, 100% used [0x00000000eab00000,0x00000000ec400000,0x00000000ec400000)
  from space 4096K, 77% used [0x00000000ec400000,0x00000000ec714c38,0x00000000ec800000)
  to   space 4096K, 0% used [0x00000000ec800000,0x00000000ec800000,0x00000000ecc00000)
 ParOldGen       total 68608K, used 16K [0x00000000c0000000, 0x00000000c4300000, 0x00000000eab00000)
  object space 68608K, 0% used [0x00000000c0000000,0x00000000c0004000,0x00000000c4300000)
 Metaspace       used 14111K, committed 14272K, reserved 1114112K
  class space    used 1407K, committed 1472K, reserved 1048576K
}
Event: 0.904 GC heap after
{Heap after GC invocations=2 (full 0):
 PSYoungGen      total 29696K, used 4074K [0x00000000eab00000, 0x00000000ecc00000, 0x0000000100000000)
  eden space 25600K, 0% used [0x00000000eab00000,0x00000000eab00000,0x00000000ec400000)
  from space 4096K, 99% used [0x00000000ec800000,0x00000000ecbfab10,0x00000000ecc00000)
  to   space 4096K, 0% used [0x00000000ec400000,0x00000000ec400000,0x00000000ec800000)
 ParOldGen       total 68608K, used 872K [0x00000000c0000000, 0x00000000c4300000, 0x00000000eab00000)
  object space 68608K, 1% used [0x00000000c0000000,0x00000000c00da340,0x00000000c4300000)
 Metaspace       used 14111K, committed 14272K, reserved 1114112K
  class space    used 1407K, committed 1472K, reserved 1048576K
}
Event: 1.139 GC heap before
{Heap before GC invocations=3 (full 0):
 PSYoungGen      total 29696K, used 29674K [0x00000000eab00000, 0x00000000ecc00000, 0x0000000100000000)
  eden space 25600K, 100% used [0x00000000eab00000,0x00000000ec400000,0x00000000ec400000)
  from space 4096K, 99% used [0x00000000ec800000,0x00000000ecbfab10,0x00000000ecc00000)
  to   space 4096K, 0% used [0x00000000ec400000,0x00000000ec400000,0x00000000ec800000)
 ParOldGen       total 68608K, used 872K [0x00000000c0000000, 0x00000000c4300000, 0x00000000eab00000)
  object space 68608K, 1% used [0x00000000c0000000,0x00000000c00da340,0x00000000c4300000)
 Metaspace       used 16398K, committed 16640K, reserved 1114112K
  class space    used 1672K, committed 1792K, reserved 1048576K
}
Event: 1.144 GC heap after
{Heap after GC invocations=3 (full 0):
 PSYoungGen      total 29696K, used 4066K [0x00000000eab00000, 0x00000000ecc00000, 0x0000000100000000)
  eden space 25600K, 0% used [0x00000000eab00000,0x00000000eab00000,0x00000000ec400000)
  from space 4096K, 99% used [0x00000000ec400000,0x00000000ec7f8900,0x00000000ec800000)
  to   space 4096K, 0% used [0x00000000ec800000,0x00000000ec800000,0x00000000ecc00000)
 ParOldGen       total 68608K, used 2943K [0x00000000c0000000, 0x00000000c4300000, 0x00000000eab00000)
  object space 68608K, 4% used [0x00000000c0000000,0x00000000c02dfc38,0x00000000c4300000)
 Metaspace       used 16398K, committed 16640K, reserved 1114112K
  class space    used 1672K, committed 1792K, reserved 1048576K
}
Event: 1.523 GC heap before
{Heap before GC invocations=4 (full 0):
 PSYoungGen      total 29696K, used 29666K [0x00000000eab00000, 0x00000000ecc00000, 0x0000000100000000)
  eden space 25600K, 100% used [0x00000000eab00000,0x00000000ec400000,0x00000000ec400000)
  from space 4096K, 99% used [0x00000000ec400000,0x00000000ec7f8900,0x00000000ec800000)
  to   space 4096K, 0% used [0x00000000ec800000,0x00000000ec800000,0x00000000ecc00000)
 ParOldGen       total 68608K, used 2943K [0x00000000c0000000, 0x00000000c4300000, 0x00000000eab00000)
  object space 68608K, 4% used [0x00000000c0000000,0x00000000c02dfc38,0x00000000c4300000)
 Metaspace       used 20858K, committed 21312K, reserved 1114112K
  class space    used 2112K, committed 2304K, reserved 1048576K
}
Event: 1.527 GC heap after
{Heap after GC invocations=4 (full 0):
 PSYoungGen      total 29696K, used 4064K [0x00000000eab00000, 0x00000000ecc00000, 0x0000000100000000)
  eden space 25600K, 0% used [0x00000000eab00000,0x00000000eab00000,0x00000000ec400000)
  from space 4096K, 99% used [0x00000000ec800000,0x00000000ecbf8088,0x00000000ecc00000)
  to   space 4096K, 0% used [0x00000000ec400000,0x00000000ec400000,0x00000000ec800000)
 ParOldGen       total 68608K, used 4630K [0x00000000c0000000, 0x00000000c4300000, 0x00000000eab00000)
  object space 68608K, 6% used [0x00000000c0000000,0x00000000c0485bd8,0x00000000c4300000)
 Metaspace       used 20858K, committed 21312K, reserved 1114112K
  class space    used 2112K, committed 2304K, reserved 1048576K
}
Event: 1.539 GC heap before
{Heap before GC invocations=5 (full 0):
 PSYoungGen      total 29696K, used 5318K [0x00000000eab00000, 0x00000000ecc00000, 0x0000000100000000)
  eden space 25600K, 4% used [0x00000000eab00000,0x00000000eac39818,0x00000000ec400000)
  from space 4096K, 99% used [0x00000000ec800000,0x00000000ecbf8088,0x00000000ecc00000)
  to   space 4096K, 0% used [0x00000000ec400000,0x00000000ec400000,0x00000000ec800000)
 ParOldGen       total 68608K, used 4630K [0x00000000c0000000, 0x00000000c4300000, 0x00000000eab00000)
  object space 68608K, 6% used [0x00000000c0000000,0x00000000c0485bd8,0x00000000c4300000)
 Metaspace       used 21067K, committed 21504K, reserved 1114112K
  class space    used 2133K, committed 2368K, reserved 1048576K
}
Event: 1.542 GC heap after
{Heap after GC invocations=5 (full 0):
 PSYoungGen      total 29696K, used 4087K [0x00000000eab00000, 0x00000000ecc00000, 0x0000000100000000)
  eden space 25600K, 0% used [0x00000000eab00000,0x00000000eab00000,0x00000000ec400000)
  from space 4096K, 99% used [0x00000000ec400000,0x00000000ec7fde70,0x00000000ec800000)
  to   space 4096K, 0% used [0x00000000ec800000,0x00000000ec800000,0x00000000ecc00000)
 ParOldGen       total 68608K, used 4694K [0x00000000c0000000, 0x00000000c4300000, 0x00000000eab00000)
  object space 68608K, 6% used [0x00000000c0000000,0x00000000c0495bb8,0x00000000c4300000)
 Metaspace       used 21067K, committed 21504K, reserved 1114112K
  class space    used 2133K, committed 2368K, reserved 1048576K
}
Event: 1.542 GC heap before
{Heap before GC invocations=6 (full 1):
 PSYoungGen      total 29696K, used 4087K [0x00000000eab00000, 0x00000000ecc00000, 0x0000000100000000)
  eden space 25600K, 0% used [0x00000000eab00000,0x00000000eab00000,0x00000000ec400000)
  from space 4096K, 99% used [0x00000000ec400000,0x00000000ec7fde70,0x00000000ec800000)
  to   space 4096K, 0% used [0x00000000ec800000,0x00000000ec800000,0x00000000ecc00000)
 ParOldGen       total 68608K, used 4694K [0x00000000c0000000, 0x00000000c4300000, 0x00000000eab00000)
  object space 68608K, 6% used [0x00000000c0000000,0x00000000c0495bb8,0x00000000c4300000)
 Metaspace       used 21067K, committed 21504K, reserved 1114112K
  class space    used 2133K, committed 2368K, reserved 1048576K
}
Event: 1.562 GC heap after
{Heap after GC invocations=6 (full 1):
 PSYoungGen      total 29696K, used 0K [0x00000000eab00000, 0x00000000ecc00000, 0x0000000100000000)
  eden space 25600K, 0% used [0x00000000eab00000,0x00000000eab00000,0x00000000ec400000)
  from space 4096K, 0% used [0x00000000ec400000,0x00000000ec400000,0x00000000ec800000)
  to   space 4096K, 0% used [0x00000000ec800000,0x00000000ec800000,0x00000000ecc00000)
 ParOldGen       total 68608K, used 8489K [0x00000000c0000000, 0x00000000c4300000, 0x00000000eab00000)
  object space 68608K, 12% used [0x00000000c0000000,0x00000000c084a540,0x00000000c4300000)
 Metaspace       used 21054K, committed 21504K, reserved 1114112K
  class space    used 2129K, committed 2368K, reserved 1048576K
}
Event: 1.711 GC heap before
{Heap before GC invocations=7 (full 1):
 PSYoungGen      total 29696K, used 25600K [0x00000000eab00000, 0x00000000ecc00000, 0x0000000100000000)
  eden space 25600K, 100% used [0x00000000eab00000,0x00000000ec400000,0x00000000ec400000)
  from space 4096K, 0% used [0x00000000ec400000,0x00000000ec400000,0x00000000ec800000)
  to   space 4096K, 0% used [0x00000000ec800000,0x00000000ec800000,0x00000000ecc00000)
 ParOldGen       total 68608K, used 8489K [0x00000000c0000000, 0x00000000c4300000, 0x00000000eab00000)
  object space 68608K, 12% used [0x00000000c0000000,0x00000000c084a540,0x00000000c4300000)
 Metaspace       used 24516K, committed 25024K, reserved 1114112K
  class space    used 2397K, committed 2624K, reserved 1048576K
}
Event: 1.711 GC heap after
{Heap after GC invocations=7 (full 1):
 PSYoungGen      total 25600K, used 405K [0x00000000eab00000, 0x00000000ec880000, 0x0000000100000000)
  eden space 25088K, 0% used [0x00000000eab00000,0x00000000eab00000,0x00000000ec380000)
  from space 512K, 79% used [0x00000000ec800000,0x00000000ec8654c0,0x00000000ec880000)
  to   space 2048K, 0% used [0x00000000ec480000,0x00000000ec480000,0x00000000ec680000)
 ParOldGen       total 68608K, used 8497K [0x00000000c0000000, 0x00000000c4300000, 0x00000000eab00000)
  object space 68608K, 12% used [0x00000000c0000000,0x00000000c084c540,0x00000000c4300000)
 Metaspace       used 24516K, committed 25024K, reserved 1114112K
  class space    used 2397K, committed 2624K, reserved 1048576K
}

Dll operation events (9 events):
Event: 0.011 Loaded shared library c:\Users\Shishir\.vscode\extensions\redhat.java-1.25.1-win32-x64\jre\17.0.9-win32-x86_64\bin\java.dll
Event: 0.101 Loaded shared library c:\Users\Shishir\.vscode\extensions\redhat.java-1.25.1-win32-x64\jre\17.0.9-win32-x86_64\bin\zip.dll
Event: 0.104 Loaded shared library C:\Users\Shishir\.vscode\extensions\redhat.java-1.25.1-win32-x64\jre\17.0.9-win32-x86_64\bin\instrument.dll
Event: 0.114 Loaded shared library C:\Users\Shishir\.vscode\extensions\redhat.java-1.25.1-win32-x64\jre\17.0.9-win32-x86_64\bin\net.dll
Event: 0.115 Loaded shared library C:\Users\Shishir\.vscode\extensions\redhat.java-1.25.1-win32-x64\jre\17.0.9-win32-x86_64\bin\nio.dll
Event: 0.120 Loaded shared library C:\Users\Shishir\.vscode\extensions\redhat.java-1.25.1-win32-x64\jre\17.0.9-win32-x86_64\bin\zip.dll
Event: 0.133 Loaded shared library C:\Users\Shishir\.vscode\extensions\redhat.java-1.25.1-win32-x64\jre\17.0.9-win32-x86_64\bin\jimage.dll
Event: 0.182 Loaded shared library c:\Users\Shishir\.vscode\extensions\redhat.java-1.25.1-win32-x64\jre\17.0.9-win32-x86_64\bin\verify.dll
Event: 0.976 Loaded shared library C:\Users\Shishir\AppData\Roaming\Code\User\globalStorage\redhat.java\1.25.1\config_ss_win\org.eclipse.equinox.launcher\org.eclipse.equinox.launcher.win32.win32.x86_64_1.2.800.v20231003-1442\eclipse_11802.dll

Deoptimization events (20 events):
Event: 1.827 Thread 0x0000019f13e761a0 DEOPT PACKING pc=0x0000019f07ba9e8c sp=0x00000047e78f7d30
Event: 1.827 Thread 0x0000019f13e761a0 DEOPT UNPACKING pc=0x0000019f075866a3 sp=0x00000047e78f7d10 mode 2
Event: 1.828 Thread 0x0000019f13e761a0 DEOPT PACKING pc=0x0000019f000e709e sp=0x00000047e78f7d00
Event: 1.828 Thread 0x0000019f13e761a0 DEOPT UNPACKING pc=0x0000019f07586e43 sp=0x00000047e78f71f8 mode 0
Event: 1.851 Thread 0x0000019f13e761a0 Uncommon trap: trap_request=0xffffffc6 fr.pc=0x0000019f07b5544c relative=0x000000000000090c
Event: 1.851 Thread 0x0000019f13e761a0 Uncommon trap: reason=bimorphic_or_optimized_type_check action=maybe_recompile pc=0x0000019f07b5544c method=java.util.HashMap.putVal(ILjava/lang/Object;Ljava/lang/Object;ZZ)Ljava/lang/Object; @ 56 c2
Event: 1.851 Thread 0x0000019f13e761a0 DEOPT PACKING pc=0x0000019f07b5544c sp=0x00000047e78fd8c0
Event: 1.851 Thread 0x0000019f13e761a0 DEOPT UNPACKING pc=0x0000019f075866a3 sp=0x00000047e78fd818 mode 2
Event: 1.851 Thread 0x0000019f13e761a0 Uncommon trap: trap_request=0xffffffc6 fr.pc=0x0000019f07b5544c relative=0x000000000000090c
Event: 1.851 Thread 0x0000019f13e761a0 Uncommon trap: reason=bimorphic_or_optimized_type_check action=maybe_recompile pc=0x0000019f07b5544c method=java.util.HashMap.putVal(ILjava/lang/Object;Ljava/lang/Object;ZZ)Ljava/lang/Object; @ 56 c2
Event: 1.851 Thread 0x0000019f13e761a0 DEOPT PACKING pc=0x0000019f07b5544c sp=0x00000047e78fd8c0
Event: 1.851 Thread 0x0000019f13e761a0 DEOPT UNPACKING pc=0x0000019f075866a3 sp=0x00000047e78fd818 mode 2
Event: 1.851 Thread 0x0000019f13e761a0 Uncommon trap: trap_request=0xffffffc6 fr.pc=0x0000019f07b5544c relative=0x000000000000090c
Event: 1.851 Thread 0x0000019f13e761a0 Uncommon trap: reason=bimorphic_or_optimized_type_check action=maybe_recompile pc=0x0000019f07b5544c method=java.util.HashMap.putVal(ILjava/lang/Object;Ljava/lang/Object;ZZ)Ljava/lang/Object; @ 56 c2
Event: 1.851 Thread 0x0000019f13e761a0 DEOPT PACKING pc=0x0000019f07b5544c sp=0x00000047e78fd8c0
Event: 1.851 Thread 0x0000019f13e761a0 DEOPT UNPACKING pc=0x0000019f075866a3 sp=0x00000047e78fd818 mode 2
Event: 1.851 Thread 0x0000019f13e761a0 Uncommon trap: trap_request=0xffffffc6 fr.pc=0x0000019f07b5544c relative=0x000000000000090c
Event: 1.851 Thread 0x0000019f13e761a0 Uncommon trap: reason=bimorphic_or_optimized_type_check action=maybe_recompile pc=0x0000019f07b5544c method=java.util.HashMap.putVal(ILjava/lang/Object;Ljava/lang/Object;ZZ)Ljava/lang/Object; @ 56 c2
Event: 1.851 Thread 0x0000019f13e761a0 DEOPT PACKING pc=0x0000019f07b5544c sp=0x00000047e78fd8c0
Event: 1.851 Thread 0x0000019f13e761a0 DEOPT UNPACKING pc=0x0000019f075866a3 sp=0x00000047e78fd818 mode 2

Classes unloaded (7 events):
Event: 1.546 Thread 0x0000019f78b4e3e0 Unloading class 0x000000010022dc00 'java/lang/invoke/LambdaForm$MH+0x000000010022dc00'
Event: 1.546 Thread 0x0000019f78b4e3e0 Unloading class 0x000000010022d800 'java/lang/invoke/LambdaForm$MH+0x000000010022d800'
Event: 1.546 Thread 0x0000019f78b4e3e0 Unloading class 0x000000010022d400 'java/lang/invoke/LambdaForm$MH+0x000000010022d400'
Event: 1.546 Thread 0x0000019f78b4e3e0 Unloading class 0x000000010022d000 'java/lang/invoke/LambdaForm$MH+0x000000010022d000'
Event: 1.546 Thread 0x0000019f78b4e3e0 Unloading class 0x000000010022cc00 'java/lang/invoke/LambdaForm$BMH+0x000000010022cc00'
Event: 1.546 Thread 0x0000019f78b4e3e0 Unloading class 0x000000010022c800 'java/lang/invoke/LambdaForm$DMH+0x000000010022c800'
Event: 1.546 Thread 0x0000019f78b4e3e0 Unloading class 0x000000010022a000 'java/lang/invoke/LambdaForm$DMH+0x000000010022a000'

Classes redefined (0 events):
No events

Internal exceptions (20 events):
Event: 1.504 Thread 0x0000019f13e761a0 Exception <a 'java/io/FileNotFoundException'{0x00000000ec1e65e0}> (0x00000000ec1e65e0) 
thrown [s\src\hotspot\share\prims\jni.cpp, line 516]
Event: 1.535 Thread 0x0000019f13e761a0 Exception <a 'java/lang/NoSuchMethodError'{0x00000000eaba9e68}: 'java.lang.Object java.lang.invoke.DirectMethodHandle$Holder.newInvokeSpecial(java.lang.Object, java.lang.Object, java.lang.Object, java.lang.Object, java.lang.Object)'> (0x00000000eaba9e68) 
thrown [s\src\hotspot\share\interpreter\linkResolver.cpp, line 759]
Event: 1.568 Thread 0x0000019f13e761a0 Exception <a 'java/lang/NoSuchMethodError'{0x00000000eabbc7d8}: 'java.lang.Object java.lang.invoke.DirectMethodHandle$Holder.invokeSpecial(java.lang.Object, java.lang.Object, java.lang.Object, long, java.lang.Object)'> (0x00000000eabbc7d8) 
thrown [s\src\hotspot\share\interpreter\linkResolver.cpp, line 759]
Event: 1.569 Thread 0x0000019f13e761a0 Exception <a 'java/lang/NoSuchMethodError'{0x00000000eabd65d0}: 'java.lang.Object java.lang.invoke.DirectMethodHandle$Holder.newInvokeSpecial(java.lang.Object, java.lang.Object, java.lang.Object, long)'> (0x00000000eabd65d0) 
thrown [s\src\hotspot\share\interpreter\linkResolver.cpp, line 759]
Event: 1.569 Thread 0x0000019f13e761a0 Exception <a 'java/lang/NoSuchMethodError'{0x00000000eabdab70}: 'java.lang.Object java.lang.invoke.DirectMethodHandle$Holder.invokeSpecial(java.lang.Object, java.lang.Object, java.lang.Object, java.lang.Object, long)'> (0x00000000eabdab70) 
thrown [s\src\hotspot\share\interpreter\linkResolver.cpp, line 759]
Event: 1.569 Thread 0x0000019f13e761a0 Exception <a 'java/lang/NoSuchMethodError'{0x00000000eabde9e8}: 'java.lang.Object java.lang.invoke.Invokers$Holder.linkToTargetMethod(java.lang.Object, java.lang.Object, long, java.lang.Object)'> (0x00000000eabde9e8) 
thrown [s\src\hotspot\share\interpreter\linkResolver.cpp, line 759]
Event: 1.581 Thread 0x0000019f13e761a0 Exception <a 'java/lang/IncompatibleClassChangeError'{0x00000000eacd24c8}: Found class java.lang.Object, but interface was expected> (0x00000000eacd24c8) 
thrown [s\src\hotspot\share\interpreter\linkResolver.cpp, line 826]
Event: 1.581 Thread 0x0000019f13e761a0 Exception <a 'java/lang/NoSuchMethodError'{0x00000000eacd6610}: 'java.lang.Object java.lang.invoke.DirectMethodHandle$Holder.invokeSpecial(java.lang.Object, java.lang.Object, java.lang.Object, int, java.lang.Object, java.lang.Object)'> (0x00000000eacd6610) 
thrown [s\src\hotspot\share\interpreter\linkResolver.cpp, line 759]
Event: 1.582 Thread 0x0000019f13e761a0 Exception <a 'java/lang/NoSuchMethodError'{0x00000000eacded98}: 'java.lang.Object java.lang.invoke.DirectMethodHandle$Holder.newInvokeSpecial(java.lang.Object, java.lang.Object, java.lang.Object, int, java.lang.Object)'> (0x00000000eacded98) 
thrown [s\src\hotspot\share\interpreter\linkResolver.cpp, line 759]
Event: 1.582 Thread 0x0000019f13e761a0 Exception <a 'java/lang/NoSuchMethodError'{0x00000000eace31f0}: 'java.lang.Object java.lang.invoke.DirectMethodHandle$Holder.invokeSpecial(java.lang.Object, java.lang.Object, java.lang.Object, java.lang.Object, int, java.lang.Object)'> (0x00000000eace31f0) 
thrown [s\src\hotspot\share\interpreter\linkResolver.cpp, line 759]
Event: 1.582 Thread 0x0000019f15c4e060 Exception <a 'java/lang/NoSuchMethodError'{0x00000000eac11bf0}: 'java.lang.Object java.lang.invoke.DirectMethodHandle$Holder.invokeSpecial(java.lang.Object, java.lang.Object, int, java.lang.Object, java.lang.Object)'> (0x00000000eac11bf0) 
thrown [s\src\hotspot\share\interpreter\linkResolver.cpp, line 759]
Event: 1.583 Thread 0x0000019f15c4e060 Exception <a 'java/lang/NoSuchMethodError'{0x00000000eac192c0}: 'java.lang.Object java.lang.invoke.DirectMethodHandle$Holder.newInvokeSpecial(java.lang.Object, java.lang.Object, int, java.lang.Object)'> (0x00000000eac192c0) 
thrown [s\src\hotspot\share\interpreter\linkResolver.cpp, line 759]
Event: 1.583 Thread 0x0000019f15c4e060 Exception <a 'java/lang/NoSuchMethodError'{0x00000000eac1cdd0}: 'java.lang.Object java.lang.invoke.DirectMethodHandle$Holder.invokeSpecial(java.lang.Object, java.lang.Object, java.lang.Object, int, java.lang.Object)'> (0x00000000eac1cdd0) 
thrown [s\src\hotspot\share\interpreter\linkResolver.cpp, line 759]
Event: 1.658 Thread 0x0000019f13e761a0 Exception <a 'java/io/FileNotFoundException'{0x00000000ebc40970}> (0x00000000ebc40970) 
thrown [s\src\hotspot\share\prims\jni.cpp, line 516]
Event: 1.658 Thread 0x0000019f13e761a0 Exception <a 'java/io/FileNotFoundException'{0x00000000ebc41798}> (0x00000000ebc41798) 
thrown [s\src\hotspot\share\prims\jni.cpp, line 516]
Event: 1.658 Thread 0x0000019f13e761a0 Exception <a 'java/io/FileNotFoundException'{0x00000000ebc425c8}> (0x00000000ebc425c8) 
thrown [s\src\hotspot\share\prims\jni.cpp, line 516]
Event: 1.723 Thread 0x0000019f13e761a0 Exception <a 'java/lang/NoSuchMethodError'{0x00000000eac57d98}: 'int java.lang.invoke.DirectMethodHandle$Holder.invokeStaticInit(java.lang.Object, java.lang.Object, java.lang.Object)'> (0x00000000eac57d98) 
thrown [s\src\hotspot\share\interpreter\linkResolver.cpp, line 759]
Event: 1.820 Thread 0x0000019f13e761a0 Exception <a 'java/io/FileNotFoundException'{0x00000000ec0d59c8}> (0x00000000ec0d59c8) 
thrown [s\src\hotspot\share\prims\jni.cpp, line 516]
Event: 1.831 Thread 0x0000019f13e761a0 Exception <a 'java/lang/NoSuchMethodError'{0x00000000ec17dbd0}: 'void java.lang.invoke.DirectMethodHandle$Holder.invokeVirtual(java.lang.Object, java.lang.Object)'> (0x00000000ec17dbd0) 
thrown [s\src\hotspot\share\interpreter\linkResolver.cpp, line 759]
Event: 1.848 Thread 0x0000019f13e761a0 Exception <a 'java/io/FileNotFoundException'{0x00000000ec2eb770}> (0x00000000ec2eb770) 
thrown [s\src\hotspot\share\prims\jni.cpp, line 516]

VM Operations (20 events):
Event: 1.037 Executing VM operation: HandshakeAllThreads
Event: 1.037 Executing VM operation: HandshakeAllThreads done
Event: 1.090 Executing VM operation: ICBufferFull
Event: 1.090 Executing VM operation: ICBufferFull done
Event: 1.139 Executing VM operation: ParallelGCFailedAllocation
Event: 1.144 Executing VM operation: ParallelGCFailedAllocation done
Event: 1.380 Executing VM operation: HandshakeAllThreads
Event: 1.380 Executing VM operation: HandshakeAllThreads done
Event: 1.461 Executing VM operation: HandshakeAllThreads
Event: 1.461 Executing VM operation: HandshakeAllThreads done
Event: 1.523 Executing VM operation: ParallelGCFailedAllocation
Event: 1.527 Executing VM operation: ParallelGCFailedAllocation done
Event: 1.539 Executing VM operation: CollectForMetadataAllocation
Event: 1.562 Executing VM operation: CollectForMetadataAllocation done
Event: 1.589 Executing VM operation: HandshakeAllThreads
Event: 1.589 Executing VM operation: HandshakeAllThreads done
Event: 1.711 Executing VM operation: ParallelGCFailedAllocation
Event: 1.711 Executing VM operation: ParallelGCFailedAllocation done
Event: 1.850 Executing VM operation: HandshakeAllThreads
Event: 1.850 Executing VM operation: HandshakeAllThreads done

Events (20 events):
Event: 1.839 loading class java/net/SocketAddress
Event: 1.839 loading class java/net/SocketAddress done
Event: 1.839 loading class java/net/InetSocketAddress
Event: 1.839 loading class java/net/InetSocketAddress done
Event: 1.839 loading class java/nio/channels/AsynchronousByteChannel
Event: 1.839 loading class java/nio/channels/AsynchronousChannel
Event: 1.839 loading class java/nio/channels/AsynchronousChannel done
Event: 1.839 loading class java/nio/channels/AsynchronousByteChannel done
Event: 1.849 loading class java/lang/ProcessEnvironment
Event: 1.850 loading class java/lang/ProcessEnvironment done
Event: 1.850 loading class java/lang/ProcessEnvironment$NameComparator
Event: 1.850 loading class java/lang/ProcessEnvironment$NameComparator done
Event: 1.850 loading class java/lang/ProcessEnvironment$EntryComparator
Event: 1.851 loading class java/lang/ProcessEnvironment$EntryComparator done
Event: 1.851 loading class java/lang/ProcessEnvironment$CheckedEntrySet
Event: 1.851 loading class java/lang/ProcessEnvironment$CheckedEntrySet done
Event: 1.851 loading class java/lang/ProcessEnvironment$CheckedEntrySet$1
Event: 1.851 loading class java/lang/ProcessEnvironment$CheckedEntrySet$1 done
Event: 1.851 loading class java/lang/ProcessEnvironment$CheckedEntry
Event: 1.851 loading class java/lang/ProcessEnvironment$CheckedEntry done


Dynamic libraries:
0x00007ff77eed0000 - 0x00007ff77eede000 	c:\Users\Shishir\.vscode\extensions\redhat.java-1.25.1-win32-x64\jre\17.0.9-win32-x86_64\bin\java.exe
0x00007ffb4af90000 - 0x00007ffb4b1a7000 	C:\WINDOWS\SYSTEM32\ntdll.dll
0x00007ffb498b0000 - 0x00007ffb49974000 	C:\WINDOWS\System32\KERNEL32.DLL
0x00007ffb484a0000 - 0x00007ffb48846000 	C:\WINDOWS\System32\KERNELBASE.dll
0x00007ffb48bc0000 - 0x00007ffb48cd1000 	C:\WINDOWS\System32\ucrtbase.dll
0x00007ffb1ebe0000 - 0x00007ffb1ebfb000 	c:\Users\Shishir\.vscode\extensions\redhat.java-1.25.1-win32-x64\jre\17.0.9-win32-x86_64\bin\VCRUNTIME140.dll
0x00007ffb2ade0000 - 0x00007ffb2adf7000 	c:\Users\Shishir\.vscode\extensions\redhat.java-1.25.1-win32-x64\jre\17.0.9-win32-x86_64\bin\jli.dll
0x00007ffb4a760000 - 0x00007ffb4a90e000 	C:\WINDOWS\System32\USER32.dll
0x00007ffb317a0000 - 0x00007ffb31a33000 	C:\WINDOWS\WinSxS\amd64_microsoft.windows.common-controls_6595b64144ccf1df_6.0.22621.2506_none_270c5ae97388e100\COMCTL32.dll
0x00007ffb488f0000 - 0x00007ffb48916000 	C:\WINDOWS\System32\win32u.dll
0x00007ffb4a910000 - 0x00007ffb4a9b7000 	C:\WINDOWS\System32\msvcrt.dll
0x00007ffb499d0000 - 0x00007ffb499f9000 	C:\WINDOWS\System32\GDI32.dll
0x00007ffb48380000 - 0x00007ffb48498000 	C:\WINDOWS\System32\gdi32full.dll
0x00007ffb48850000 - 0x00007ffb488ea000 	C:\WINDOWS\System32\msvcp_win.dll
0x00007ffb4aac0000 - 0x00007ffb4aaf1000 	C:\WINDOWS\System32\IMM32.DLL
0x00007ffb3ffb0000 - 0x00007ffb3ffbc000 	c:\Users\Shishir\.vscode\extensions\redhat.java-1.25.1-win32-x64\jre\17.0.9-win32-x86_64\bin\vcruntime140_1.dll
0x00007ffaf3160000 - 0x00007ffaf31ed000 	c:\Users\Shishir\.vscode\extensions\redhat.java-1.25.1-win32-x64\jre\17.0.9-win32-x86_64\bin\msvcp140.dll
0x00007ffa65080000 - 0x00007ffa65ce1000 	c:\Users\Shishir\.vscode\extensions\redhat.java-1.25.1-win32-x64\jre\17.0.9-win32-x86_64\bin\server\jvm.dll
0x00007ffb4a260000 - 0x00007ffb4a311000 	C:\WINDOWS\System32\ADVAPI32.dll
0x00007ffb4aca0000 - 0x00007ffb4ad45000 	C:\WINDOWS\System32\sechost.dll
0x00007ffb4ab00000 - 0x00007ffb4ac17000 	C:\WINDOWS\System32\RPCRT4.dll
0x00007ffb48140000 - 0x00007ffb4818d000 	C:\WINDOWS\SYSTEM32\POWRPROF.dll
0x00007ffb1edb0000 - 0x00007ffb1edb9000 	C:\WINDOWS\SYSTEM32\WSOCK32.dll
0x00007ffb3dbd0000 - 0x00007ffb3dc04000 	C:\WINDOWS\SYSTEM32\WINMM.dll
0x00007ffb49780000 - 0x00007ffb497f1000 	C:\WINDOWS\System32\WS2_32.dll
0x00007ffb3fbc0000 - 0x00007ffb3fbca000 	C:\WINDOWS\SYSTEM32\VERSION.dll
0x00007ffb48120000 - 0x00007ffb48133000 	C:\WINDOWS\SYSTEM32\UMPDC.dll
0x00007ffb47190000 - 0x00007ffb471a8000 	C:\WINDOWS\SYSTEM32\kernel.appcore.dll
0x00007ffb2c6c0000 - 0x00007ffb2c6ca000 	c:\Users\Shishir\.vscode\extensions\redhat.java-1.25.1-win32-x64\jre\17.0.9-win32-x86_64\bin\jimage.dll
0x00007ffb34f40000 - 0x00007ffb35173000 	C:\WINDOWS\SYSTEM32\DBGHELP.DLL
0x00007ffb4a3d0000 - 0x00007ffb4a759000 	C:\WINDOWS\System32\combase.dll
0x00007ffb4a9e0000 - 0x00007ffb4aab7000 	C:\WINDOWS\System32\OLEAUT32.dll
0x00007ffb224c0000 - 0x00007ffb224f2000 	C:\WINDOWS\SYSTEM32\dbgcore.DLL
0x00007ffb48300000 - 0x00007ffb4837a000 	C:\WINDOWS\System32\bcryptPrimitives.dll
0x00007ffb2adb0000 - 0x00007ffb2adbe000 	c:\Users\Shishir\.vscode\extensions\redhat.java-1.25.1-win32-x64\jre\17.0.9-win32-x86_64\bin\instrument.dll
0x00007ffb03470000 - 0x00007ffb03495000 	c:\Users\Shishir\.vscode\extensions\redhat.java-1.25.1-win32-x64\jre\17.0.9-win32-x86_64\bin\java.dll
0x00007ffb1e240000 - 0x00007ffb1e258000 	c:\Users\Shishir\.vscode\extensions\redhat.java-1.25.1-win32-x64\jre\17.0.9-win32-x86_64\bin\zip.dll
0x00007ffb49a00000 - 0x00007ffb4a25a000 	C:\WINDOWS\System32\SHELL32.dll
0x00007ffb46140000 - 0x00007ffb46a36000 	C:\WINDOWS\SYSTEM32\windows.storage.dll
0x00007ffb46000000 - 0x00007ffb4613e000 	C:\WINDOWS\SYSTEM32\wintypes.dll
0x00007ffb4ad50000 - 0x00007ffb4ae43000 	C:\WINDOWS\System32\SHCORE.dll
0x00007ffb4a360000 - 0x00007ffb4a3be000 	C:\WINDOWS\System32\shlwapi.dll
0x00007ffb48230000 - 0x00007ffb48256000 	C:\WINDOWS\SYSTEM32\profapi.dll
0x00007ffb1e210000 - 0x00007ffb1e229000 	C:\Users\Shishir\.vscode\extensions\redhat.java-1.25.1-win32-x64\jre\17.0.9-win32-x86_64\bin\net.dll
0x00007ffb41d40000 - 0x00007ffb41e77000 	C:\WINDOWS\SYSTEM32\WINHTTP.dll
0x00007ffb476b0000 - 0x00007ffb47719000 	C:\WINDOWS\system32\mswsock.dll
0x00007ffb156b0000 - 0x00007ffb156c6000 	C:\Users\Shishir\.vscode\extensions\redhat.java-1.25.1-win32-x64\jre\17.0.9-win32-x86_64\bin\nio.dll
0x00007ffb26770000 - 0x00007ffb26780000 	c:\Users\Shishir\.vscode\extensions\redhat.java-1.25.1-win32-x64\jre\17.0.9-win32-x86_64\bin\verify.dll
0x00007ffb009d0000 - 0x00007ffb00a0e000 	C:\Users\Shishir\AppData\Roaming\Code\User\globalStorage\redhat.java\1.25.1\config_ss_win\org.eclipse.equinox.launcher\org.eclipse.equinox.launcher.win32.win32.x86_64_1.2.800.v20231003-1442\eclipse_11802.dll
0x00007ffb48ce0000 - 0x00007ffb48e80000 	C:\WINDOWS\System32\ole32.dll

dbghelp: loaded successfully - version: 4.0.5 - missing functions: none
symbol engine: initialized successfully - sym options: 0x614 - pdb path: .;c:\Users\Shishir\.vscode\extensions\redhat.java-1.25.1-win32-x64\jre\17.0.9-win32-x86_64\bin;C:\WINDOWS\SYSTEM32;C:\WINDOWS\WinSxS\amd64_microsoft.windows.common-controls_6595b64144ccf1df_6.0.22621.2506_none_270c5ae97388e100;c:\Users\Shishir\.vscode\extensions\redhat.java-1.25.1-win32-x64\jre\17.0.9-win32-x86_64\bin\server;C:\Users\Shishir\AppData\Roaming\Code\User\globalStorage\redhat.java\1.25.1\config_ss_win\org.eclipse.equinox.launcher\org.eclipse.equinox.launcher.win32.win32.x86_64_1.2.800.v20231003-1442

VM Arguments:
jvm_args: --add-modules=ALL-SYSTEM --add-opens=java.base/java.util=ALL-UNNAMED --add-opens=java.base/java.lang=ALL-UNNAMED --add-opens=java.base/sun.nio.fs=ALL-UNNAMED -Declipse.application=org.eclipse.jdt.ls.core.id1 -Dosgi.bundles.defaultStartLevel=4 -Declipse.product=org.eclipse.jdt.ls.core.product -Djava.import.generatesMetadataFilesAtProjectRoot=false -DDetectVMInstallationsJob.disabled=true -Dfile.encoding=utf8 -XX:+UseParallelGC -XX:GCTimeRatio=4 -XX:AdaptiveSizePolicyWeight=90 -Dsun.zip.disableMemoryMapping=true -Xmx1G -Xms100m -Xlog:disable -javaagent:c:\Users\Shishir\.vscode\extensions\redhat.java-1.25.1-win32-x64\lombok\lombok-1.18.30.jar 
java_command: c:\Users\Shishir\.vscode\extensions\redhat.java-1.25.1-win32-x64\server\plugins\org.eclipse.equinox.launcher_1.6.600.v20231106-1826.jar -configuration c:\Users\Shishir\AppData\Roaming\Code\User\globalStorage\redhat.java\1.25.1\config_ss_win -data c:\Users\Shishir\AppData\Roaming\Code\User\workspaceStorage\36aeb5243c3234973269cc7299b45e24\redhat.java\ss_ws --stdio
java_class_path (initial): c:\Users\Shishir\.vscode\extensions\redhat.java-1.25.1-win32-x64\server\plugins\org.eclipse.equinox.launcher_1.6.600.v20231106-1826.jar
Launcher Type: SUN_STANDARD

[Global flags]
    uintx AdaptiveSizePolicyWeight                 = 90                                        {product} {command line}
     intx CICompilerCount                          = 4                                         {product} {ergonomic}
    uintx GCTimeRatio                              = 4                                         {product} {command line}
   size_t InitialHeapSize                          = 104857600                                 {product} {command line}
   size_t MaxHeapSize                              = 1073741824                                {product} {command line}
   size_t MaxNewSize                               = 357564416                                 {product} {ergonomic}
   size_t MinHeapDeltaBytes                        = 524288                                    {product} {ergonomic}
   size_t MinHeapSize                              = 104857600                                 {product} {command line}
   size_t NewSize                                  = 34603008                                  {product} {ergonomic}
    uintx NonNMethodCodeHeapSize                   = 5839372                                {pd product} {ergonomic}
    uintx NonProfiledCodeHeapSize                  = 122909434                              {pd product} {ergonomic}
   size_t OldSize                                  = 70254592                                  {product} {ergonomic}
    uintx ProfiledCodeHeapSize                     = 122909434                              {pd product} {ergonomic}
    uintx ReservedCodeCacheSize                    = 251658240                              {pd product} {ergonomic}
     bool SegmentedCodeCache                       = true                                      {product} {ergonomic}
   size_t SoftMaxHeapSize                          = 1073741824                             {manageable} {ergonomic}
     bool UseCompressedClassPointers               = true                           {product lp64_product} {ergonomic}
     bool UseCompressedOops                        = true                           {product lp64_product} {ergonomic}
     bool UseLargePagesIndividualAllocation        = false                                  {pd product} {ergonomic}
     bool UseParallelGC                            = true                                      {product} {command line}

Logging:
Log output configuration:
 #0: stdout all=off uptime,level,tags
 #1: stderr all=off uptime,level,tags

Environment Variables:
PATH=C:\Users\Shishir\Dropbox\PC\Downloads\WINDOWS.X64_213000_db_home\bin;C:\ProgramData\Oracle\Java\javapath;C:\Program Files\Eclipse Adoptium\jdk-17.0.1.12-hotspot\bin;C:\Program Files\Common Files\Oracle\Java\javapath;C:\Program Files (x86)\Common Files\Oracle\Java\javapath;C:\windows\system32;C:\windows;C:\windows\System32\Wbem;C:\windows\System32\WindowsPowerShell\v1.0\;C:\windows\System32\OpenSSH\;C:\Program Files (x86)\NVIDIA Corporation\PhysX\Common;C:\Program Files\NVIDIA Corporation\NVIDIA NvDLISR;C:\Program Files\Java\jdk-17.0.1;C:\WINDOWS\system32;C:\WINDOWS;C:\WINDOWS\System32\Wbem;C:\WINDOWS\System32\WindowsPowerShell\v1.0\;C:\WINDOWS\System32\OpenSSH\;C:\Program Files\Microsoft SQL Server\150\Tools\Binn\;C:\Program Files\Microsoft SQL Server\Client SDK\ODBC\170\Tools\Binn\;C:\WINDOWS\system32;C:\WINDOWS;C:\WINDOWS\System32\Wbem;C:\WINDOWS\System32\WindowsPowerShell\v1.0\;C:\WINDOWS\System32\OpenSSH\;C:\Program Files\Git\cmd;C:\Program Files\Amazon\AWSCLIV2\;C:\Program Files\dotnet\;C:\Program Files\PuTTY\;C:\Program Files\nodejs\;C:\Program Files\MySQL\MySQL Shell 8.0\bin\;C:\Users\Shishir\anaconda3;C:\Users\Shishir\anaconda3\Library\mingw-w64\bin;C:\Users\Shishir\anaconda3\Library\usr\bin;C:\Users\Shishir\anaconda3\Library\bin;C:\Users\Shishir\anaconda3\Scripts;C:\Users\Shishir\AppData\Local\Microsoft\WindowsApps;C:\Users\Shishir\AppData\Local\Programs\Microsoft VS Code\bin;C:\Users\Shishir\AppData\Local\GitHubDesktop\bin;C:\Users\Shishir\.dotnet\tools;C:\xampp\php;C:\Users\Shishir\AppData\Roaming\npm
USERNAME=Shishir
OS=Windows_NT
PROCESSOR_IDENTIFIER=AMD64 Family 25 Model 80 Stepping 0, AuthenticAMD
TMP=C:\Users\Shishir\AppData\Local\Temp
TEMP=C:\Users\Shishir\AppData\Local\Temp



Periodic native trim disabled


---------------  S Y S T E M  ---------------

OS:
 Windows 11 , 64 bit Build 22621 (10.0.22621.2506)
OS uptime: 8 days 12:27 hours
Hyper-V role detected

CPU: total 12 (initial active 12) (12 cores per cpu, 2 threads per core) family 25 model 80 stepping 0 microcode 0x0, cx8, cmov, fxsr, ht, mmx, 3dnowpref, sse, sse2, sse3, ssse3, sse4a, sse4.1, sse4.2, popcnt, lzcnt, tsc, tscinvbit, avx, avx2, aes, erms, clmul, bmi1, bmi2, adx, sha, fma, vzeroupper, clflush, clflushopt, hv
Processor Information for processor 0
  Max Mhz: 3301, Current Mhz: 2011, Mhz Limit: 3301
Processor Information for processor 1
  Max Mhz: 3301, Current Mhz: 2011, Mhz Limit: 3301
Processor Information for processor 2
  Max Mhz: 3301, Current Mhz: 2011, Mhz Limit: 3301
Processor Information for processor 3
  Max Mhz: 3301, Current Mhz: 3301, Mhz Limit: 3301
Processor Information for processor 4
  Max Mhz: 3301, Current Mhz: 3301, Mhz Limit: 3301
Processor Information for processor 5
  Max Mhz: 3301, Current Mhz: 2011, Mhz Limit: 3301
Processor Information for processor 6
  Max Mhz: 3301, Current Mhz: 3301, Mhz Limit: 3301
Processor Information for processor 7
  Max Mhz: 3301, Current Mhz: 3301, Mhz Limit: 3301
Processor Information for processor 8
  Max Mhz: 3301, Current Mhz: 3301, Mhz Limit: 3301
Processor Information for processor 9
  Max Mhz: 3301, Current Mhz: 2011, Mhz Limit: 3301
Processor Information for processor 10
  Max Mhz: 3301, Current Mhz: 3301, Mhz Limit: 3301
Processor Information for processor 11
  Max Mhz: 3301, Current Mhz: 2011, Mhz Limit: 3301

Memory: 4k page, system-wide physical 7521M (444M free)
TotalPageFile size 31073M (AvailPageFile size 5M)
current process WorkingSet (physical memory assigned to process): 146M, peak: 150M
current process commit charge ("private bytes"): 261M, peak: 264M

vm_info: OpenJDK 64-Bit Server VM (17.0.9+9) for windows-amd64 JRE (17.0.9+9), built on Oct 26 2023 14:01:42 by "admin" with MS VC++ 16.10 / 16.11 (VS2019)

END.
